<?xml version="1.0" encoding="UTF-8"?>
<!-- Generated by org.testng.reporters.JUnitReportReporter -->
<testsuite hostname="Sudesh" name="testScript.SkillraryTest" tests="1" failures="0" timestamp="9 Jun 2022 05:02:52 GMT" time="12.757" errors="0">
  <testcase name="test" time="12.757" classname="testScript.SkillraryTest"/>
</testsuite> <!-- testScript.SkillraryTest -->
