<?xml version="1.0" encoding="UTF-8"?>
<!-- Generated by org.testng.reporters.JUnitReportReporter -->
<testsuite hostname="Sudesh" name="testScript.SkillraryLoginMain" tests="1" failures="0" timestamp="8 Jun 2022 06:54:27 GMT" time="8.713" errors="0">
  <testcase name="test" time="8.713" classname="testScript.SkillraryLoginMain"/>
</testsuite> <!-- testScript.SkillraryLoginMain -->
